Determining if the pthread_create exist failed with the following output:
Change Dir: /home/skpro19/catkin_ws/src/my_explore_lite/build/CMakeFiles/CMakeTmp

Run Build Command:"/usr/bin/make" "cmTC_f7661/fast"
/usr/bin/make -f CMakeFiles/cmTC_f7661.dir/build.make CMakeFiles/cmTC_f7661.dir/build
make[1]: Entering directory '/home/skpro19/catkin_ws/src/my_explore_lite/build/CMakeFiles/CMakeTmp'
Building C object CMakeFiles/cmTC_f7661.dir/CheckSymbolExists.c.o
/usr/bin/x86_64-linux-gnu-gcc-7    -o CMakeFiles/cmTC_f7661.dir/CheckSymbolExists.c.o   -c /home/skpro19/catkin_ws/src/my_explore_lite/build/CMakeFiles/CMakeTmp/CheckSymbolExists.c
Linking C executable cmTC_f7661
/usr/bin/cmake -E cmake_link_script CMakeFiles/cmTC_f7661.dir/link.txt --verbose=1
/usr/bin/x86_64-linux-gnu-gcc-7      -rdynamic CMakeFiles/cmTC_f7661.dir/CheckSymbolExists.c.o  -o cmTC_f7661 
CMakeFiles/cmTC_f7661.dir/CheckSymbolExists.c.o: In function `main':
CheckSymbolExists.c:(.text+0x1b): undefined reference to `pthread_create'
collect2: error: ld returned 1 exit status
CMakeFiles/cmTC_f7661.dir/build.make:97: recipe for target 'cmTC_f7661' failed
make[1]: *** [cmTC_f7661] Error 1
make[1]: Leaving directory '/home/skpro19/catkin_ws/src/my_explore_lite/build/CMakeFiles/CMakeTmp'
Makefile:126: recipe for target 'cmTC_f7661/fast' failed
make: *** [cmTC_f7661/fast] Error 2

File /home/skpro19/catkin_ws/src/my_explore_lite/build/CMakeFiles/CMakeTmp/CheckSymbolExists.c:
/* */
#include <pthread.h>

int main(int argc, char** argv)
{
  (void)argv;
#ifndef pthread_create
  return ((int*)(&pthread_create))[argc];
#else
  (void)argc;
  return 0;
#endif
}

Determining if the function pthread_create exists in the pthreads failed with the following output:
Change Dir: /home/skpro19/catkin_ws/src/my_explore_lite/build/CMakeFiles/CMakeTmp

Run Build Command:"/usr/bin/make" "cmTC_449cf/fast"
/usr/bin/make -f CMakeFiles/cmTC_449cf.dir/build.make CMakeFiles/cmTC_449cf.dir/build
make[1]: Entering directory '/home/skpro19/catkin_ws/src/my_explore_lite/build/CMakeFiles/CMakeTmp'
Building C object CMakeFiles/cmTC_449cf.dir/CheckFunctionExists.c.o
/usr/bin/x86_64-linux-gnu-gcc-7   -DCHECK_FUNCTION_EXISTS=pthread_create   -o CMakeFiles/cmTC_449cf.dir/CheckFunctionExists.c.o   -c /usr/share/cmake-3.10/Modules/CheckFunctionExists.c
Linking C executable cmTC_449cf
/usr/bin/cmake -E cmake_link_script CMakeFiles/cmTC_449cf.dir/link.txt --verbose=1
/usr/bin/x86_64-linux-gnu-gcc-7  -DCHECK_FUNCTION_EXISTS=pthread_create    -rdynamic CMakeFiles/cmTC_449cf.dir/CheckFunctionExists.c.o  -o cmTC_449cf -lpthreads 
/usr/bin/ld: cannot find -lpthreads
collect2: error: ld returned 1 exit status
CMakeFiles/cmTC_449cf.dir/build.make:97: recipe for target 'cmTC_449cf' failed
make[1]: *** [cmTC_449cf] Error 1
make[1]: Leaving directory '/home/skpro19/catkin_ws/src/my_explore_lite/build/CMakeFiles/CMakeTmp'
Makefile:126: recipe for target 'cmTC_449cf/fast' failed
make: *** [cmTC_449cf/fast] Error 2


